2021-04-22 17:55:56,446:INFO:Initializing load_model()
2021-04-22 17:55:56,446:INFO:load_model(model_name=../model/employees_churn_model, platform=None, authentication=None, verbose=True)
2021-04-22 17:58:22,882:INFO:Initializing load_model()
2021-04-22 17:58:22,882:INFO:load_model(model_name=employees_churn_model, platform=None, authentication=None, verbose=True)
2021-04-22 17:58:32,640:INFO:Initializing load_model()
2021-04-22 17:58:32,640:INFO:load_model(model_name=employees_churn_model, platform=None, authentication=None, verbose=True)
2021-04-22 17:58:36,870:INFO:Initializing predict_model()
2021-04-22 17:58:36,870:INFO:predict_model(estimator=Pipeline(steps=[('dtypes',
                 DataTypes_Auto_infer(ml_usecase='classification',
                                      target='left')),
                ('imputer',
                 Simple_Imputer(categorical_strategy='not_available',
                                fill_value_categorical=None,
                                fill_value_numerical=None,
                                numeric_strategy='mean',
                                target_variable=None)),
                ('new_levels1',
                 New_Catagorical_Levels_in_TestData(replacement_strategy='least '
                                                                         'frequent',
                                                    target...
                ('clean_names', Clean_Colum_Names()),
                ('feature_select', 'passthrough'), ('fix_multi', 'passthrough'),
                ('dfs', 'passthrough'), ('pca', 'passthrough'),
                ['trained_model',
                 LGBMClassifier(bagging_fraction=0.7, bagging_freq=6,
                                feature_fraction=0.5, min_child_samples=66,
                                min_split_gain=0.4, n_estimators=90,
                                num_leaves=90, random_state=123,
                                reg_alpha=0.0005, reg_lambda=0.1)]]), probability_threshold=None, encoded_labels=False, raw_score=False, round=4, verbose=True, ml_usecase=MLUsecase.CLASSIFICATION, display=None)
2021-04-22 17:58:36,874:INFO:Checking exceptions
2021-04-22 17:58:36,874:INFO:Preloading libraries
2021-04-22 17:58:40,985:INFO:Initializing load_model()
2021-04-22 17:58:40,985:INFO:load_model(model_name=employees_churn_model, platform=None, authentication=None, verbose=True)
2021-04-22 17:58:56,672:INFO:Initializing load_model()
2021-04-22 17:58:56,673:INFO:load_model(model_name=employees_churn_model, platform=None, authentication=None, verbose=True)
2021-04-22 17:59:05,133:INFO:Initializing load_model()
2021-04-22 17:59:05,134:INFO:load_model(model_name=employees_churn_model, platform=None, authentication=None, verbose=True)
2021-04-22 17:59:09,331:INFO:Initializing predict_model()
2021-04-22 17:59:09,336:INFO:predict_model(estimator=Pipeline(steps=[('dtypes',
                 DataTypes_Auto_infer(ml_usecase='classification',
                                      target='left')),
                ('imputer',
                 Simple_Imputer(categorical_strategy='not_available',
                                fill_value_categorical=None,
                                fill_value_numerical=None,
                                numeric_strategy='mean',
                                target_variable=None)),
                ('new_levels1',
                 New_Catagorical_Levels_in_TestData(replacement_strategy='least '
                                                                         'frequent',
                                                    target...
                ('clean_names', Clean_Colum_Names()),
                ('feature_select', 'passthrough'), ('fix_multi', 'passthrough'),
                ('dfs', 'passthrough'), ('pca', 'passthrough'),
                ['trained_model',
                 LGBMClassifier(bagging_fraction=0.7, bagging_freq=6,
                                feature_fraction=0.5, min_child_samples=66,
                                min_split_gain=0.4, n_estimators=90,
                                num_leaves=90, random_state=123,
                                reg_alpha=0.0005, reg_lambda=0.1)]]), probability_threshold=None, encoded_labels=False, raw_score=False, round=4, verbose=True, ml_usecase=MLUsecase.CLASSIFICATION, display=None)
2021-04-22 17:59:09,340:INFO:Checking exceptions
2021-04-22 17:59:09,341:INFO:Preloading libraries
